<?xml version="1.0" encoding="UTF-8"?>
<testsuite xmlns:xsi="http://www.w3.org/2001/XMLSchema-instance" xsi:noNamespaceSchemaLocation="https://maven.apache.org/surefire/maven-surefire-plugin/xsd/surefire-test-report-3.0.xsd" version="3.0" name="com.example.ForumHub.ForumHubApplicationTests" time="10.424" tests="1" errors="0" skipped="0" failures="0">
  <properties>
[...]
</properties>
  <testcase name="contextLoads" classname="com.example.ForumHub.ForumHubApplicationTests" time="0.685">
    <system-out><![CDATA[19:44:07.799 [main] INFO org.springframework.test.context.support.AnnotationConfigContextLoaderUtils -- Could not detect default configuration classes for test class [com.example.ForumHub.ForumHubApplicationTests]: ForumHubApplicationTests does not declare any static, non-private, non-final, nested classes annotated with @Configuration.
19:44:08.027 [main] INFO org.springframework.boot.test.context.SpringBootTestContextBootstrapper -- Found @SpringBootConfiguration com.example.ForumHub.ForumHubApplication for test class com.example.ForumHub.ForumHubApplicationTests
19:44:08.413 [main] INFO org.springframework.boot.devtools.restart.RestartApplicationListener -- Restart disabled due to context in which it is running

  .   ____          _            __ _ _
 /\\ / ___'_ __ _ _(_)_ __  __ _ \ \ \ \
( ( )\___ | '_ | '_| | '_ \/ _` | \ \ \ \
 \\/  ___)| |_)| | | | | || (_| |  ) ) ) )
  '  |____| .__|_| |_|_| |_\__, | / / / /
 =========|_|==============|___/=/_/_/_/

 :: Spring Boot ::                (v3.3.1)

2024-07-13T19:44:09.058-03:00  INFO 25351 --- [ForumHub] [           main] c.e.ForumHub.ForumHubApplicationTests    : Starting ForumHubApplicationTests using Java 17.0.11 with PID 25351 (started by jairo in /home/jairo/Downloads/linux/ForumHub)
2024-07-13T19:44:09.060-03:00  INFO 25351 --- [ForumHub] [           main] c.e.ForumHub.ForumHubApplicationTests    : No active profile set, falling back to 1 default profile: "default"
2024-07-13T19:44:10.488-03:00  INFO 25351 --- [ForumHub] [           main] .s.d.r.c.RepositoryConfigurationDelegate : Bootstrapping Spring Data JPA repositories in DEFAULT mode.
2024-07-13T19:44:10.568-03:00  INFO 25351 --- [ForumHub] [           main] .s.d.r.c.RepositoryConfigurationDelegate : Finished Spring Data repository scanning in 70 ms. Found 2 JPA repository interfaces.
2024-07-13T19:44:11.724-03:00  INFO 25351 --- [ForumHub] [           main] com.zaxxer.hikari.HikariDataSource       : HikariPool-1 - Starting...
2024-07-13T19:44:12.698-03:00  INFO 25351 --- [ForumHub] [           main] com.zaxxer.hikari.pool.HikariPool        : HikariPool-1 - Added connection com.mysql.cj.jdbc.ConnectionImpl@2a99ca99
2024-07-13T19:44:12.701-03:00  INFO 25351 --- [ForumHub] [           main] com.zaxxer.hikari.HikariDataSource       : HikariPool-1 - Start completed.
2024-07-13T19:44:12.809-03:00  INFO 25351 --- [ForumHub] [           main] org.flywaydb.core.FlywayExecutor         : Database: jdbc:mysql://127.0.0.1/forum_api (MySQL 8.0)
2024-07-13T19:44:12.986-03:00  INFO 25351 --- [ForumHub] [           main] o.f.core.internal.command.DbValidate     : Successfully validated 2 migrations (execution time 00:00.100s)
2024-07-13T19:44:13.029-03:00  INFO 25351 --- [ForumHub] [           main] o.f.core.internal.command.DbMigrate      : Current version of schema `forum_api`: 2
2024-07-13T19:44:13.036-03:00  INFO 25351 --- [ForumHub] [           main] o.f.core.internal.command.DbMigrate      : Schema `forum_api` is up to date. No migration necessary.
2024-07-13T19:44:13.343-03:00  INFO 25351 --- [ForumHub] [           main] o.hibernate.jpa.internal.util.LogHelper  : HHH000204: Processing PersistenceUnitInfo [name: default]
2024-07-13T19:44:13.454-03:00  INFO 25351 --- [ForumHub] [           main] org.hibernate.Version                    : HHH000412: Hibernate ORM core version 6.5.2.Final
2024-07-13T19:44:13.573-03:00  INFO 25351 --- [ForumHub] [           main] o.h.c.internal.RegionFactoryInitiator    : HHH000026: Second-level cache disabled
2024-07-13T19:44:14.083-03:00  INFO 25351 --- [ForumHub] [           main] o.s.o.j.p.SpringPersistenceUnitInfo      : No LoadTimeWeaver setup: ignoring JPA class transformer
2024-07-13T19:44:15.309-03:00  INFO 25351 --- [ForumHub] [           main] o.h.e.t.j.p.i.JtaPlatformInitiator       : HHH000489: No JTA platform available (set 'hibernate.transaction.jta.platform' to enable JTA platform integration)
2024-07-13T19:44:15.314-03:00  INFO 25351 --- [ForumHub] [           main] j.LocalContainerEntityManagerFactoryBean : Initialized JPA EntityManagerFactory for persistence unit 'default'
2024-07-13T19:44:15.790-03:00  INFO 25351 --- [ForumHub] [           main] r$InitializeUserDetailsManagerConfigurer : Global AuthenticationManager configured with UserDetailsService bean with name autenticacaoService
2024-07-13T19:44:15.902-03:00  WARN 25351 --- [ForumHub] [           main] JpaBaseConfiguration$JpaWebConfiguration : spring.jpa.open-in-view is enabled by default. Therefore, database queries may be performed during view rendering. Explicitly configure spring.jpa.open-in-view to disable this warning
2024-07-13T19:44:16.933-03:00  INFO 25351 --- [ForumHub] [           main] c.e.ForumHub.ForumHubApplicationTests    : Started ForumHubApplicationTests in 8.542 seconds (process running for 16.096)
]]></system-out>
  </testcase>
</testsuite>